<?xml version="1.0" encoding="UTF-8"?>
<!-- Generated by org.testng.reporters.JUnitReportReporter -->
<testsuite hostname="oleg-MS-7817" name="com.facebook.tests.LoginTest" tests="1" failures="0" timestamp="30 Mar 2015 19:12:30 GMT" time="6.228" errors="0">
  <testcase name="runTest" time="6.228" classname="com.facebook.tests.LoginTest"/>
</testsuite> <!-- com.facebook.tests.LoginTest -->
